<?xml version="1.0" encoding="UTF-8"?>
<!-- Generated by org.testng.reporters.JUnitReportReporter -->
<testsuite hostname="DEV-LPT0176" failures="0" tests="1" name="com.rmishra.appium_tutorial.Base" time="23.232" errors="0" timestamp="2023-12-15T12:08:12 IST" skipped="0">
  <testcase classname="com.rmishra.appium_tutorial.Base" name="TestLoginPage" time="23.232"/>
</testsuite> <!-- com.rmishra.appium_tutorial.Base -->
